--------------------
./configure
2020年03月18日  7:07:44
Checking for gcc...
=== ztest33068.c ===
extern int getchar();
int hello() {return getchar();}
===
gcc -c ztest33068.c
... using gcc

Checking for obsessive-compulsive compiler options...
=== ztest33068.c ===
int foo() { return 0; }
===
gcc -c -O3 ztest33068.c

Checking for shared library support...
=== ztest33068.c ===
extern int getchar();
int hello() {return getchar();}
===
gcc -w -c -O3 -fPIC ztest33068.c
gcc -shared -O3 -fPIC -o ztest33068.so ztest33068.o
Building shared library libz.so.1.2.11 with gcc.

=== ztest33068.c ===
#include <stdio.h>
#include <stdlib.h>
size_t dummy = 0;
===
gcc -c -O3 ztest33068.c
Checking for size_t... Yes.


=== ztest33068.c ===
#include <sys/types.h>
off64_t dummy = 0;
===
gcc -c -O3 -D_LARGEFILE64_SOURCE=1 ztest33068.c
Checking for off64_t... Yes.
Checking for fseeko... Yes.

=== ztest33068.c ===
#include <string.h>
#include <errno.h>
int main() { return strlen(strerror(errno)); }
===
gcc -O3 -D_LARGEFILE64_SOURCE=1 -o ztest33068 ztest33068.c
Checking for strerror... Yes.

=== ztest33068.c ===
#include <unistd.h>
int main() { return 0; }
===
gcc -c -O3 -D_LARGEFILE64_SOURCE=1 ztest33068.c
Checking for unistd.h... Yes.

=== ztest33068.c ===
#include <stdarg.h>
int main() { return 0; }
===
gcc -c -O3 -D_LARGEFILE64_SOURCE=1 ztest33068.c
Checking for stdarg.h... Yes.

=== ztest33068.c ===
#include <stdio.h>
#include <stdarg.h>
#include "zconf.h"
int main()
{
#ifndef STDC
  choke me
#endif
  return 0;
}
===
gcc -c -O3 -D_LARGEFILE64_SOURCE=1 ztest33068.c
Checking whether to use vs[n]printf() or s[n]printf()... using vs[n]printf().

=== ztest33068.c ===
#include <stdio.h>
#include <stdarg.h>
int mytest(const char *fmt, ...)
{
  char buf[20];
  va_list ap;
  va_start(ap, fmt);
  vsnprintf(buf, sizeof(buf), fmt, ap);
  va_end(ap);
  return 0;
}
int main()
{
  return (mytest("Hello%d\n", 1));
}
===
gcc -O3 -D_LARGEFILE64_SOURCE=1 -o ztest33068 ztest33068.c
Checking for vsnprintf() in stdio.h... Yes.

=== ztest33068.c ===
#include <stdio.h>
#include <stdarg.h>
int mytest(const char *fmt, ...)
{
  int n;
  char buf[20];
  va_list ap;
  va_start(ap, fmt);
  n = vsnprintf(buf, sizeof(buf), fmt, ap);
  va_end(ap);
  return n;
}
int main()
{
  return (mytest("Hello%d\n", 1));
}
===
gcc -c -O3 -D_LARGEFILE64_SOURCE=1 ztest33068.c
Checking for return value of vsnprintf()... Yes.

=== ztest33068.c ===
#define ZLIB_INTERNAL __attribute__((visibility ("hidden")))
int ZLIB_INTERNAL foo;
int main()
{
  return 0;
}
===
gcc -c -O3 -D_LARGEFILE64_SOURCE=1 ztest33068.c
ztest33068.c:6:1: warning: visibility attribute not supported in this configuration; ignored [-Wattributes]
 }
 ^Checking for attribute(visibility) support... No.

ALL = static shared all64
AR = ar
ARFLAGS = rc
CC = gcc
CFLAGS = -O3 -D_LARGEFILE64_SOURCE=1
CPP = gcc -E
EXE =
LDCONFIG = ldconfig
LDFLAGS =
LDSHARED = gcc -shared
LDSHAREDLIBC = -lc
OBJC = $(OBJZ) $(OBJG)
PIC_OBJC = $(PIC_OBJZ) $(PIC_OBJG)
RANLIB = ranlib
SFLAGS = -O3 -fPIC -D_LARGEFILE64_SOURCE=1
SHAREDLIB = libz.so
SHAREDLIBM = libz.so.1
SHAREDLIBV = libz.so.1.2.11
STATICLIB = libz.a
TEST = all teststatic testshared test64
VER = 1.2.11
Z_U4 =
SRCDIR =
exec_prefix = ${prefix}
includedir = ${prefix}/include
libdir = ${exec_prefix}/lib
mandir = ${prefix}/share/man
prefix = /usr/local
sharedlibdir = ${libdir}
uname = MSYS_NT-6.1-7601
--------------------


